[DEBUG] simulator: ===== Simulation =====
[DEBUG] simulator: === Cycle 0 ===
[DEBUG] producer: A0 sent packet A0_0
[DEBUG] producer: A1 sent packet A1_0
[DEBUG] producer: A2 sent packet A2_0
[DEBUG] simulator: 

[DEBUG] simulator: === Cycle 1 ===
[DEBUG] producer: A0 sent packet A0_1
[DEBUG] simulator: 

[DEBUG] simulator: === Cycle 2 ===
[DEBUG] producer: A0 sent packet A0_2
[DEBUG] producer: A1 sent packet A1_2
[DEBUG] simulator: 

[DEBUG] simulator: === Cycle 3 ===
[DEBUG] producer: A0 sent packet A0_3
[DEBUG] simulator: 

[DEBUG] simulator: === Cycle 4 ===
[DEBUG] producer: A0 sent packet A0_4
[DEBUG] producer: A1 sent packet A1_4
[DEBUG] producer: A2 sent packet A2_4
[DEBUG] switch: Switch received packet A0_0 from S0_in
[DEBUG] simulator: 

[DEBUG] simulator: === Cycle 5 ===
[DEBUG] producer: A0 sent packet A0_5
[DEBUG] switch: Switch received packet A1_0 from S1_in
[DEBUG] simulator: 

[DEBUG] simulator: === Cycle 6 ===
[DEBUG] producer: A0 sent packet A0_6
[DEBUG] producer: A1 sent packet A1_6
[DEBUG] switch: Switch received packet A2_0 from S2_in
[DEBUG] switch: Switch forwarded packet A0_0 from S0_in to S_out
[DEBUG] simulator: 

[DEBUG] simulator: === Cycle 7 ===
[DEBUG] producer: A0 sent packet A0_7
[DEBUG] switch: Switch received packet A0_1 from S0_in
[DEBUG] switch: Switch forwarded packet A1_0 from S1_in to S_out
[DEBUG] simulator: 

[DEBUG] simulator: === Cycle 8 ===
[DEBUG] port: Port 'A0_out' received credit
[DEBUG] producer: A0 sent packet A0_8
[DEBUG] producer: A1 sent packet A1_8
[DEBUG] producer: A2 sent packet A2_8
[DEBUG] switch: Switch received packet A1_2 from S1_in
[DEBUG] switch: Switch forwarded packet A2_0 from S2_in to S_out
[DEBUG] simulator: 

[DEBUG] simulator: === Cycle 9 ===
[DEBUG] port: Port 'A1_out' received credit
[WARNING] producer: A0 unable to send packet A0_9
[DEBUG] switch: Switch received packet A2_4 from S2_in
[DEBUG] switch: Switch forwarded packet A0_1 from S0_in to S_out
[DEBUG] simulator: 

[DEBUG] simulator: === Cycle 10 ===
[DEBUG] port: Port 'A2_out' received credit
[WARNING] producer: A0 unable to send packet A0_10
[DEBUG] producer: A1 sent packet A1_10
[DEBUG] switch: Switch received packet A0_2 from S0_in
[DEBUG] switch: Switch forwarded packet A1_2 from S1_in to S_out
[DEBUG] consumer: B received packet A0_0 on B_in
[DEBUG] simulator: 

[DEBUG] simulator: === Cycle 11 ===
[DEBUG] port: Port 'A0_out' received credit
[DEBUG] producer: A0 sent packet A0_11
[DEBUG] switch: Switch received packet A1_4 from S1_in
[DEBUG] switch: Switch forwarded packet A2_4 from S2_in to S_out
[DEBUG] consumer: B received packet A1_0 on B_in
[DEBUG] simulator: 

[DEBUG] simulator: === Cycle 12 ===
[DEBUG] port: Port 'A1_out' received credit
[WARNING] producer: A0 unable to send packet A0_12
[DEBUG] producer: A1 sent packet A1_12
[DEBUG] producer: A2 sent packet A2_12
[DEBUG] switch: Switch received packet A2_8 from S2_in
[DEBUG] switch: Switch forwarded packet A0_2 from S0_in to S_out
[DEBUG] consumer: B received packet A2_0 on B_in
[DEBUG] simulator: 

[DEBUG] simulator: === Cycle 13 ===
[DEBUG] port: Port 'A2_out' received credit
[WARNING] producer: A0 unable to send packet A0_13
[DEBUG] switch: Switch received packet A0_3 from S0_in
[DEBUG] switch: Switch forwarded packet A1_4 from S1_in to S_out
[DEBUG] consumer: B received packet A0_1 on B_in
[DEBUG] simulator: 

[DEBUG] simulator: === Cycle 14 ===
[DEBUG] port: Port 'A0_out' received credit
[DEBUG] port: Port 'S_out' received credit
[DEBUG] producer: A0 sent packet A0_14
[DEBUG] producer: A1 sent packet A1_14
[DEBUG] switch: Switch received packet A1_6 from S1_in
[DEBUG] switch: Switch forwarded packet A2_8 from S2_in to S_out
[DEBUG] consumer: B received packet A1_2 on B_in
[DEBUG] simulator: 

[DEBUG] simulator: === Cycle 15 ===
[DEBUG] port: Port 'A1_out' received credit
[DEBUG] port: Port 'S_out' received credit
[WARNING] producer: A0 unable to send packet A0_15
[DEBUG] switch: Switch received packet A0_4 from S0_in
[DEBUG] switch: Switch forwarded packet A0_3 from S0_in to S_out
[DEBUG] consumer: B received packet A2_4 on B_in
[DEBUG] simulator: 

[DEBUG] simulator: === Cycle 16 ===
[DEBUG] port: Port 'A2_out' received credit
[DEBUG] port: Port 'S_out' received credit
[WARNING] producer: A0 unable to send packet A0_16
[DEBUG] producer: A1 sent packet A1_16
[DEBUG] producer: A2 sent packet A2_16
[DEBUG] switch: Switch received packet A1_8 from S1_in
[DEBUG] switch: Switch forwarded packet A1_6 from S1_in to S_out
[DEBUG] consumer: B received packet A0_2 on B_in
[DEBUG] simulator: 

[DEBUG] simulator: === Cycle 17 ===
[DEBUG] port: Port 'A0_out' received credit
[DEBUG] port: Port 'S_out' received credit
[DEBUG] producer: A0 sent packet A0_17
[DEBUG] switch: Switch received packet A2_12 from S2_in
[DEBUG] switch: Switch forwarded packet A0_4 from S0_in to S_out
[DEBUG] consumer: B received packet A1_4 on B_in
[DEBUG] simulator: 

[DEBUG] simulator: === Cycle 18 ===
[DEBUG] port: Port 'A1_out' received credit
[DEBUG] port: Port 'S_out' received credit
[WARNING] producer: A0 unable to send packet A0_18
[DEBUG] producer: A1 sent packet A1_18
[DEBUG] switch: Switch received packet A0_5 from S0_in
[DEBUG] switch: Switch forwarded packet A1_8 from S1_in to S_out
[DEBUG] consumer: B received packet A2_8 on B_in
[DEBUG] simulator: 

[DEBUG] simulator: === Cycle 19 ===
[DEBUG] port: Port 'A0_out' received credit
[DEBUG] port: Port 'S_out' received credit
[DEBUG] producer: A0 sent packet A0_19
[DEBUG] switch: Switch received packet A1_10 from S1_in
[DEBUG] switch: Switch forwarded packet A2_12 from S2_in to S_out
[DEBUG] consumer: B received packet A0_3 on B_in
[DEBUG] simulator: 

[DEBUG] simulator: === Cycle 20 ===
[DEBUG] port: Port 'A1_out' received credit
[DEBUG] port: Port 'S_out' received credit
[WARNING] producer: A0 unable to send packet A0_20
[DEBUG] producer: A1 sent packet A1_20
[DEBUG] producer: A2 sent packet A2_20
[DEBUG] switch: Switch received packet A2_16 from S2_in
[DEBUG] switch: Switch forwarded packet A0_5 from S0_in to S_out
[DEBUG] consumer: B received packet A1_6 on B_in
[DEBUG] simulator: 

[DEBUG] simulator: === Cycle 21 ===
[DEBUG] port: Port 'A2_out' received credit
[DEBUG] port: Port 'S_out' received credit
[WARNING] producer: A0 unable to send packet A0_21
[DEBUG] switch: Switch received packet A0_6 from S0_in
[DEBUG] switch: Switch forwarded packet A1_10 from S1_in to S_out
[DEBUG] consumer: B received packet A0_4 on B_in
[DEBUG] simulator: 

[DEBUG] simulator: === Cycle 22 ===
[DEBUG] port: Port 'A0_out' received credit
[DEBUG] port: Port 'S_out' received credit
[DEBUG] producer: A0 sent packet A0_22
[DEBUG] producer: A1 sent packet A1_22
[DEBUG] switch: Switch received packet A1_12 from S1_in
[DEBUG] switch: Switch forwarded packet A2_16 from S2_in to S_out
[DEBUG] consumer: B received packet A1_8 on B_in
[DEBUG] simulator: 

[DEBUG] simulator: === Cycle 23 ===
[DEBUG] port: Port 'A1_out' received credit
[DEBUG] port: Port 'S_out' received credit
[WARNING] producer: A0 unable to send packet A0_23
[DEBUG] switch: Switch received packet A0_7 from S0_in
[DEBUG] switch: Switch forwarded packet A0_6 from S0_in to S_out
[DEBUG] consumer: B received packet A2_12 on B_in
[DEBUG] simulator: 

[DEBUG] simulator: === Cycle 24 ===
[DEBUG] port: Port 'A2_out' received credit
[DEBUG] port: Port 'S_out' received credit
[WARNING] producer: A0 unable to send packet A0_24
[DEBUG] producer: A1 sent packet A1_24
[DEBUG] producer: A2 sent packet A2_24
[DEBUG] switch: Switch received packet A1_14 from S1_in
[DEBUG] switch: Switch forwarded packet A1_12 from S1_in to S_out
[DEBUG] consumer: B received packet A0_5 on B_in
[DEBUG] simulator: 

[DEBUG] simulator: === Cycle 25 ===
[DEBUG] port: Port 'A0_out' received credit
[DEBUG] port: Port 'S_out' received credit
[DEBUG] producer: A0 sent packet A0_25
[DEBUG] switch: Switch received packet A2_20 from S2_in
[DEBUG] switch: Switch forwarded packet A0_7 from S0_in to S_out
[DEBUG] consumer: B received packet A1_10 on B_in
[DEBUG] simulator: 

[DEBUG] simulator: === Cycle 26 ===
[DEBUG] port: Port 'A1_out' received credit
[DEBUG] port: Port 'S_out' received credit
[WARNING] producer: A0 unable to send packet A0_26
[DEBUG] producer: A1 sent packet A1_26
[DEBUG] switch: Switch received packet A0_8 from S0_in
[DEBUG] switch: Switch forwarded packet A1_14 from S1_in to S_out
[DEBUG] consumer: B received packet A2_16 on B_in
[DEBUG] simulator: 

[DEBUG] simulator: === Cycle 27 ===
[DEBUG] port: Port 'A0_out' received credit
[DEBUG] port: Port 'S_out' received credit
[DEBUG] producer: A0 sent packet A0_27
[DEBUG] switch: Switch received packet A1_16 from S1_in
[DEBUG] switch: Switch forwarded packet A2_20 from S2_in to S_out
[DEBUG] consumer: B received packet A0_6 on B_in
[DEBUG] simulator: 

[DEBUG] simulator: === Cycle 28 ===
[DEBUG] port: Port 'A1_out' received credit
[DEBUG] port: Port 'S_out' received credit
[WARNING] producer: A0 unable to send packet A0_28
[DEBUG] producer: A1 sent packet A1_28
[DEBUG] producer: A2 sent packet A2_28
[DEBUG] switch: Switch received packet A2_24 from S2_in
[DEBUG] switch: Switch forwarded packet A0_8 from S0_in to S_out
[DEBUG] consumer: B received packet A1_12 on B_in
[DEBUG] simulator: 

[DEBUG] simulator: === Cycle 29 ===
[DEBUG] port: Port 'A2_out' received credit
[DEBUG] port: Port 'S_out' received credit
[WARNING] producer: A0 unable to send packet A0_29
[DEBUG] switch: Switch received packet A0_11 from S0_in
[DEBUG] switch: Switch forwarded packet A1_16 from S1_in to S_out
[DEBUG] consumer: B received packet A0_7 on B_in
[DEBUG] simulator: 

[INFO] simulator: ===== Statistics =====
[INFO] node: Node A0 stats:
[INFO] stats: pkts_sent: 16
[INFO] stats: pkts_failed: 14
[INFO] node: 

[INFO] node: Node A1 stats:
[INFO] stats: pkts_sent: 15
[INFO] stats: pkts_failed: 0
[INFO] node: 

[INFO] node: Node A2 stats:
[INFO] stats: pkts_sent: 8
[INFO] stats: pkts_failed: 0
[INFO] node: 

[INFO] node: Node S stats:
[INFO] stats: pkts_forwarded: 24
[INFO] node: 

[INFO] node: Node B stats:
[INFO] stats: pkts_recvd: 20
[INFO] node: 

